<?xml version="1.0"?>
<testsuite name="HeadlessChrome 75.0.3770 (Windows 10.0.0)" package="Unit-Tests" timestamp="2019-07-05T07:52:44" id="0" hostname="LT-R90S3YAQ" tests="1" errors="0" failures="0" time="0.079">
  <properties>
    <property name="browser.fullName" value="Mozilla/5.0 (Windows NT 10.0; Win64; x64) AppleWebKit/537.36 (KHTML, like Gecko) HeadlessChrome/75.0.3770.100 Safari/537.36"/>
  </properties>
  <testcase name="FactEditComponent should create" time="0.079" classname="Unit-Tests.FactEditComponent"/>
  <system-out>
    <![CDATA[
]]>
  </system-out>
  <system-err/>
</testsuite>